[Tue Jun  2 11:59:05 CST 2026] No changes, skipping.
[main aae4fe9] auto-commit: 2026-06-02 11:59:39
 1 file changed, 0 insertions(+), 0 deletions(-)
 create mode 100644 .gitkeep
To github.com-gush:jingjinglover4-alt/GUSH.git
   284304e..aae4fe9  main -> main
[Tue Jun  2 11:59:44 CST 2026] Commit & push OK.
[main dc2f5cc] auto-commit: 2026-06-02 11:59:55
 1 file changed, 0 insertions(+), 0 deletions(-)
 delete mode 100644 .gitkeep
To github.com-gush:jingjinglover4-alt/GUSH.git
   aae4fe9..dc2f5cc  main -> main
[Tue Jun  2 11:59:59 CST 2026] Commit & push OK.
[Tue Jun  2 12:00:01 PM CST 2026] No changes.
[Tue Jun  2 03:00:01 PM CST 2026] No changes.
[Tue Jun  2 06:00:01 PM CST 2026] No changes.
[Tue Jun  2 09:00:01 PM CST 2026] No changes.
[Wed Jun  3 12:00:01 AM CST 2026] No changes.
[Wed Jun  3 03:00:01 AM CST 2026] No changes.
[Wed Jun  3 06:00:02 AM CST 2026] No changes.
[Wed Jun  3 09:00:01 AM CST 2026] No changes.
[Wed Jun  3 12:00:01 PM CST 2026] No changes.
[Wed Jun  3 03:00:01 PM CST 2026] No changes.
[Wed Jun  3 06:00:01 PM CST 2026] No changes.
[Wed Jun  3 09:00:01 PM CST 2026] No changes.
[Thu Jun  4 12:00:01 AM CST 2026] No changes.
[Thu Jun  4 03:00:01 AM CST 2026] No changes.
[Thu Jun  4 06:00:01 AM CST 2026] No changes.
[Thu Jun  4 09:00:01 AM CST 2026] No changes.
[Thu Jun  4 12:00:01 PM CST 2026] No changes.
[Thu Jun  4 03:00:01 PM CST 2026] No changes.
[Thu Jun  4 06:00:01 PM CST 2026] No changes.
[Thu Jun  4 09:00:01 PM CST 2026] No changes.
[Fri Jun  5 12:00:01 AM CST 2026] No changes.
[Fri Jun  5 03:00:01 AM CST 2026] No changes.
[Fri Jun  5 06:00:01 AM CST 2026] No changes.
[Fri Jun  5 09:00:01 AM CST 2026] No changes.
[Fri Jun  5 12:00:01 PM CST 2026] No changes.
