0 verbose cli /usr/bin/node /usr/bin/npm
1 info using npm@10.8.2
2 info using node@v18.20.8
3 silly config load:file:/usr/lib/node_modules/npm/npmrc
4 silly config load:file:/opt/gush2/frontend/.npmrc
5 silly config load:file:/home/ubuntu/.npmrc
6 silly config load:file:/usr/etc/npmrc
7 verbose title npm run build
8 verbose argv "run" "build"
9 verbose logfile logs-max:10 dir:/home/ubuntu/.npm/_logs/2026-06-01T14_17_00_213Z-
10 verbose logfile /home/ubuntu/.npm/_logs/2026-06-01T14_17_00_213Z-debug-0.log
11 silly logfile start cleaning logs, removing 1 files
12 silly logfile done cleaning log files
13 http fetch GET 200 https://mirrors.tencentyun.com/npm/npm 1756ms
14 verbose cwd /opt/gush2/frontend
15 verbose os Linux 6.8.0-106-generic
16 verbose node v18.20.8
17 verbose npm  v10.8.2
18 notice
18 notice New major version of npm available! 10.8.2 -> 11.16.0
18 notice Changelog: https://github.com/npm/cli/releases/tag/v11.16.0
18 notice To update run: npm install -g npm@11.16.0
18 notice  { force: true, [Symbol(proc-log.meta)]: true }
19 verbose exit 0
20 info ok
